<?xml version="1.0" encoding="UTF-8"?>
<!-- Generated by org.testng.reporters.JUnitReportReporter -->
<testsuite hostname="IN-LAP-ANJALI" failures="0" tests="3" name="com.tricentis.tests.AutomationTest" time="21.593" errors="0" timestamp="2025-02-04T18:39:38 IST" skipped="0">
  <testcase classname="com.tricentis.tests.AutomationTest" name="testUserRegistration" time="4.375"/>
  <testcase classname="com.tricentis.tests.AutomationTest" name="testUserLogin" time="2.030"/>
  <testcase classname="com.tricentis.tests.AutomationTest" name="testAddItemToCart" time="15.188"/>
</testsuite> <!-- com.tricentis.tests.AutomationTest -->
